# JRE version: OpenJDK Runtime Environment (8.0_112-b06) (build 1.8.0_112-release-b06)
# Java VM: OpenJDK 64-Bit Server VM (25.112-b06 mixed mode windows-amd64 compressed oops)
Heap:
 PSYoungGen      total 102400K, used 78718K [0x00000000e0000000, 0x00000000e8f00000, 0x0000000100000000)
  eden space 88064K, 73% used [0x00000000e0000000,0x00000000e3ee7620,0x00000000e5600000)
  from space 14336K, 99% used [0x00000000e5600000,0x00000000e63f81f8,0x00000000e6400000)
  to   space 19456K, 0% used [0x00000000e7c00000,0x00000000e7c00000,0x00000000e8f00000)
 ParOldGen       total 58880K, used 28670K [0x00000000a0000000, 0x00000000a3980000, 0x00000000e0000000)
  object space 58880K, 48% used [0x00000000a0000000,0x00000000a1bff908,0x00000000a3980000)
 Metaspace       used 51716K, capacity 53900K, committed 54104K, reserved 1095680K
  class space    used 7183K, capacity 7643K, committed 7768K, reserved 1048576K
GC Heap History (10 events):
Event: 18.952 GC heap before
{Heap before GC invocations=13 (full 2):
 PSYoungGen      total 69632K, used 9205K [0x00000000e0000000, 0x00000000e5d00000, 0x0000000100000000)
  eden space 60416K, 0% used [0x00000000e0000000,0x00000000e0000000,0x00000000e3b00000)
  from space 9216K, 99% used [0x00000000e3b00000,0x00000000e43fd7f0,0x00000000e4400000)
  to   space 10752K, 0% used [0x00000000e5280000,0x00000000e5280000,0x00000000e5d00000)
 ParOldGen       total 37376K, used 11441K [0x00000000a0000000, 0x00000000a2480000, 0x00000000e0000000)
  object space 37376K, 30% used [0x00000000a0000000,0x00000000a0b2c5b0,0x00000000a2480000)
 Metaspace       used 34564K, capacity 35270K, committed 35416K, reserved 1079296K
  class space    used 4671K, capacity 4886K, committed 4952K, reserved 1048576K
Event: 19.032 GC heap after
Heap after GC invocations=13 (full 2):
 PSYoungGen      total 69632K, used 0K [0x00000000e0000000, 0x00000000e5d00000, 0x0000000100000000)
  eden space 60416K, 0% used [0x00000000e0000000,0x00000000e0000000,0x00000000e3b00000)
  from space 9216K, 0% used [0x00000000e3b00000,0x00000000e3b00000,0x00000000e4400000)
  to   space 10752K, 0% used [0x00000000e5280000,0x00000000e5280000,0x00000000e5d00000)
 ParOldGen       total 58880K, used 16876K [0x00000000a0000000, 0x00000000a3980000, 0x00000000e0000000)
  object space 58880K, 28% used [0x00000000a0000000,0x00000000a107b290,0x00000000a3980000)
 Metaspace       used 34564K, capacity 35270K, committed 35416K, reserved 1079296K
  class space    used 4671K, capacity 4886K, committed 4952K, reserved 1048576K
}
Event: 20.738 GC heap before
{Heap before GC invocations=14 (full 2):
 PSYoungGen      total 69632K, used 60416K [0x00000000e0000000, 0x00000000e5d00000, 0x0000000100000000)
  eden space 60416K, 100% used [0x00000000e0000000,0x00000000e3b00000,0x00000000e3b00000)
  from space 9216K, 0% used [0x00000000e3b00000,0x00000000e3b00000,0x00000000e4400000)
  to   space 10752K, 0% used [0x00000000e5280000,0x00000000e5280000,0x00000000e5d00000)
 ParOldGen       total 58880K, used 16876K [0x00000000a0000000, 0x00000000a3980000, 0x00000000e0000000)
  object space 58880K, 28% used [0x00000000a0000000,0x00000000a107b290,0x00000000a3980000)
 Metaspace       used 37531K, capacity 38294K, committed 38616K, reserved 1083392K
  class space    used 5028K, capacity 5262K, committed 5336K, reserved 1048576K
Event: 20.746 GC heap after
Heap after GC invocations=14 (full 2):
 PSYoungGen      total 84992K, used 6238K [0x00000000e0000000, 0x00000000e5e00000, 0x0000000100000000)
  eden space 74240K, 0% used [0x00000000e0000000,0x00000000e0000000,0x00000000e4880000)
  from space 10752K, 58% used [0x00000000e5280000,0x00000000e5897b50,0x00000000e5d00000)
  to   space 10240K, 0% used [0x00000000e4880000,0x00000000e4880000,0x00000000e5280000)
 ParOldGen       total 58880K, used 16884K [0x00000000a0000000, 0x00000000a3980000, 0x00000000e0000000)
  object space 58880K, 28% used [0x00000000a0000000,0x00000000a107d290,0x00000000a3980000)
 Metaspace       used 37531K, capacity 38294K, committed 38616K, reserved 1083392K
  class space    used 5028K, capacity 5262K, committed 5336K, reserved 1048576K
}
Event: 30.804 GC heap before
{Heap before GC invocations=15 (full 2):
 PSYoungGen      total 84992K, used 80478K [0x00000000e0000000, 0x00000000e5e00000, 0x0000000100000000)
  eden space 74240K, 100% used [0x00000000e0000000,0x00000000e4880000,0x00000000e4880000)
  from space 10752K, 58% used [0x00000000e5280000,0x00000000e5897b50,0x00000000e5d00000)
  to   space 10240K, 0% used [0x00000000e4880000,0x00000000e4880000,0x00000000e5280000)
 ParOldGen       total 58880K, used 16884K [0x00000000a0000000, 0x00000000a3980000, 0x00000000e0000000)
  object space 58880K, 28% used [0x00000000a0000000,0x00000000a107d290,0x00000000a3980000)
 Metaspace       used 43022K, capacity 43986K, committed 44248K, reserved 1087488K
  class space    used 5797K, capacity 6059K, committed 6104K, reserved 1048576K
Event: 30.815 GC heap after
Heap after GC invocations=15 (full 2):
 PSYoungGen      total 84480K, used 10232K [0x00000000e0000000, 0x00000000e6f80000, 0x0000000100000000)
  eden space 74240K, 0% used [0x00000000e0000000,0x00000000e0000000,0x00000000e4880000)
  from space 10240K, 99% used [0x00000000e4880000,0x00000000e527e338,0x00000000e5280000)
  to   space 11776K, 0% used [0x00000000e6400000,0x00000000e6400000,0x00000000e6f80000)
 ParOldGen       total 58880K, used 17099K [0x00000000a0000000, 0x00000000a3980000, 0x00000000e0000000)
  object space 58880K, 29% used [0x00000000a0000000,0x00000000a10b2cd8,0x00000000a3980000)
 Metaspace       used 43022K, capacity 43986K, committed 44248K, reserved 1087488K
  class space    used 5797K, capacity 6059K, committed 6104K, reserved 1048576K
}
Event: 35.650 GC heap before
{Heap before GC invocations=16 (full 2):
 PSYoungGen      total 84480K, used 84472K [0x00000000e0000000, 0x00000000e6f80000, 0x0000000100000000)
  eden space 74240K, 100% used [0x00000000e0000000,0x00000000e4880000,0x00000000e4880000)
  from space 10240K, 99% used [0x00000000e4880000,0x00000000e527e338,0x00000000e5280000)
  to   space 11776K, 0% used [0x00000000e6400000,0x00000000e6400000,0x00000000e6f80000)
 ParOldGen       total 58880K, used 17099K [0x00000000a0000000, 0x00000000a3980000, 0x00000000e0000000)
  object space 58880K, 29% used [0x00000000a0000000,0x00000000a10b2cd8,0x00000000a3980000)
 Metaspace       used 46755K, capacity 48180K, committed 48472K, reserved 1091584K
  class space    used 6359K, capacity 6692K, committed 6744K, reserved 1048576K
Event: 35.690 GC heap after
Heap after GC invocations=16 (full 2):
 PSYoungGen      total 99840K, used 11776K [0x00000000e0000000, 0x00000000e7500000, 0x0000000100000000)
  eden space 88064K, 0% used [0x00000000e0000000,0x00000000e0000000,0x00000000e5600000)
  from space 11776K, 100% used [0x00000000e6400000,0x00000000e6f80000,0x00000000e6f80000)
  to   space 14336K, 0% used [0x00000000e5600000,0x00000000e5600000,0x00000000e6400000)
 ParOldGen       total 58880K, used 20060K [0x00000000a0000000, 0x00000000a3980000, 0x00000000e0000000)
  object space 58880K, 34% used [0x00000000a0000000,0x00000000a1397268,0x00000000a3980000)
 Metaspace       used 46755K, capacity 48180K, committed 48472K, reserved 1091584K
  class space    used 6359K, capacity 6692K, committed 6744K, reserved 1048576K
}
Event: 41.486 GC heap before
{Heap before GC invocations=17 (full 2):
 PSYoungGen      total 99840K, used 99840K [0x00000000e0000000, 0x00000000e7500000, 0x0000000100000000)
  eden space 88064K, 100% used [0x00000000e0000000,0x00000000e5600000,0x00000000e5600000)
  from space 11776K, 100% used [0x00000000e6400000,0x00000000e6f80000,0x00000000e6f80000)
  to   space 14336K, 0% used [0x00000000e5600000,0x00000000e5600000,0x00000000e6400000)
 ParOldGen       total 58880K, used 20060K [0x00000000a0000000, 0x00000000a3980000, 0x00000000e0000000)
  object space 58880K, 34% used [0x00000000a0000000,0x00000000a1397268,0x00000000a3980000)
 Metaspace       used 50390K, capacity 52208K, committed 52440K, reserved 1093632K
  class space    used 6958K, capacity 7326K, committed 7384K, reserved 1048576K
Event: 41.513 GC heap after
Heap after GC invocations=17 (full 2):
 PSYoungGen      total 102400K, used 14304K [0x00000000e0000000, 0x00000000e8f00000, 0x0000000100000000)
  eden space 88064K, 0% used [0x00000000e0000000,0x00000000e0000000,0x00000000e5600000)
  from space 14336K, 99% used [0x00000000e5600000,0x00000000e63f81f8,0x00000000e6400000)
  to   space 19456K, 0% used [0x00000000e7c00000,0x00000000e7c00000,0x00000000e8f00000)
 ParOldGen       total 58880K, used 28670K [0x00000000a0000000, 0x00000000a3980000, 0x00000000e0000000)
  object space 58880K, 48% used [0x00000000a0000000,0x00000000a1bff908,0x00000000a3980000)
 Metaspace       used 50390K, capacity 52208K, committed 52440K, reserved 1093632K
  class space    used 6958K, capacity 7326K, committed 7384K, reserved 1048576K
}

