# JRE version: OpenJDK Runtime Environment (8.0_112-b06) (build 1.8.0_112-release-b06)
# Java VM: OpenJDK 64-Bit Server VM (25.112-b06 mixed mode windows-amd64 compressed oops)
Heap:
 PSYoungGen      total 141312K, used 6469K [0x00000000e0000000, 0x00000000eb100000, 0x0000000100000000)
  eden space 128000K, 5% used [0x00000000e0000000,0x00000000e06516c8,0x00000000e7d00000)
  from space 13312K, 0% used [0x00000000ea400000,0x00000000ea400000,0x00000000eb100000)
  to   space 10752K, 0% used [0x00000000e7d00000,0x00000000e7d00000,0x00000000e8780000)
 ParOldGen       total 39424K, used 14413K [0x00000000a0000000, 0x00000000a2680000, 0x00000000e0000000)
  object space 39424K, 36% used [0x00000000a0000000,0x00000000a0e13700,0x00000000a2680000)
 Metaspace       used 34725K, capacity 35344K, committed 35672K, reserved 1079296K
  class space    used 4684K, capacity 4887K, committed 4952K, reserved 1048576K
GC Heap History (10 events):
Event: 9.170 GC heap before
{Heap before GC invocations=6 (full 1):
 PSYoungGen      total 68096K, used 2544K [0x00000000e0000000, 0x00000000e9300000, 0x0000000100000000)
  eden space 65536K, 0% used [0x00000000e0000000,0x00000000e0000000,0x00000000e4000000)
  from space 2560K, 99% used [0x00000000e4000000,0x00000000e427c010,0x00000000e4280000)
  to   space 9728K, 0% used [0x00000000e8980000,0x00000000e8980000,0x00000000e9300000)
 ParOldGen       total 44032K, used 13096K [0x00000000a0000000, 0x00000000a2b00000, 0x00000000e0000000)
  object space 44032K, 29% used [0x00000000a0000000,0x00000000a0cca2c8,0x00000000a2b00000)
 Metaspace       used 20715K, capacity 21114K, committed 21248K, reserved 1067008K
  class space    used 2792K, capacity 2948K, committed 3072K, reserved 1048576K
Event: 9.249 GC heap after
Heap after GC invocations=6 (full 1):
 PSYoungGen      total 68096K, used 0K [0x00000000e0000000, 0x00000000e9300000, 0x0000000100000000)
  eden space 65536K, 0% used [0x00000000e0000000,0x00000000e0000000,0x00000000e4000000)
  from space 2560K, 0% used [0x00000000e4000000,0x00000000e4000000,0x00000000e4280000)
  to   space 9728K, 0% used [0x00000000e8980000,0x00000000e8980000,0x00000000e9300000)
 ParOldGen       total 39424K, used 9365K [0x00000000a0000000, 0x00000000a2680000, 0x00000000e0000000)
  object space 39424K, 23% used [0x00000000a0000000,0x00000000a0925720,0x00000000a2680000)
 Metaspace       used 20715K, capacity 21114K, committed 21248K, reserved 1067008K
  class space    used 2792K, capacity 2948K, committed 3072K, reserved 1048576K
}
Event: 13.021 GC heap before
{Heap before GC invocations=7 (full 1):
 PSYoungGen      total 68096K, used 65536K [0x00000000e0000000, 0x00000000e9300000, 0x0000000100000000)
  eden space 65536K, 100% used [0x00000000e0000000,0x00000000e4000000,0x00000000e4000000)
  from space 2560K, 0% used [0x00000000e4000000,0x00000000e4000000,0x00000000e4280000)
  to   space 9728K, 0% used [0x00000000e8980000,0x00000000e8980000,0x00000000e9300000)
 ParOldGen       total 39424K, used 9365K [0x00000000a0000000, 0x00000000a2680000, 0x00000000e0000000)
  object space 39424K, 23% used [0x00000000a0000000,0x00000000a0925720,0x00000000a2680000)
 Metaspace       used 26456K, capacity 26992K, committed 27136K, reserved 1073152K
  class space    used 3657K, capacity 3786K, committed 3840K, reserved 1048576K
Event: 13.029 GC heap after
Heap after GC invocations=7 (full 1):
 PSYoungGen      total 111616K, used 8413K [0x00000000e0000000, 0x00000000e9200000, 0x0000000100000000)
  eden space 102912K, 0% used [0x00000000e0000000,0x00000000e0000000,0x00000000e6480000)
  from space 8704K, 96% used [0x00000000e8980000,0x00000000e91b7760,0x00000000e9200000)
  to   space 10752K, 0% used [0x00000000e7d00000,0x00000000e7d00000,0x00000000e8780000)
 ParOldGen       total 39424K, used 9365K [0x00000000a0000000, 0x00000000a2680000, 0x00000000e0000000)
  object space 39424K, 23% used [0x00000000a0000000,0x00000000a0925720,0x00000000a2680000)
 Metaspace       used 26456K, capacity 26992K, committed 27136K, reserved 1073152K
  class space    used 3657K, capacity 3786K, committed 3840K, reserved 1048576K
}
Event: 36.141 GC heap before
{Heap before GC invocations=8 (full 1):
 PSYoungGen      total 111616K, used 111325K [0x00000000e0000000, 0x00000000e9200000, 0x0000000100000000)
  eden space 102912K, 100% used [0x00000000e0000000,0x00000000e6480000,0x00000000e6480000)
  from space 8704K, 96% used [0x00000000e8980000,0x00000000e91b7760,0x00000000e9200000)
  to   space 10752K, 0% used [0x00000000e7d00000,0x00000000e7d00000,0x00000000e8780000)
 ParOldGen       total 39424K, used 9365K [0x00000000a0000000, 0x00000000a2680000, 0x00000000e0000000)
  object space 39424K, 23% used [0x00000000a0000000,0x00000000a0925720,0x00000000a2680000)
 Metaspace       used 33983K, capacity 34658K, committed 34816K, reserved 1079296K
  class space    used 4589K, capacity 4786K, committed 4864K, reserved 1048576K
Event: 36.158 GC heap after
Heap after GC invocations=8 (full 1):
 PSYoungGen      total 138752K, used 10739K [0x00000000e0000000, 0x00000000eb100000, 0x0000000100000000)
  eden space 128000K, 0% used [0x00000000e0000000,0x00000000e0000000,0x00000000e7d00000)
  from space 10752K, 99% used [0x00000000e7d00000,0x00000000e877cf98,0x00000000e8780000)
  to   space 13312K, 0% used [0x00000000ea400000,0x00000000ea400000,0x00000000eb100000)
 ParOldGen       total 39424K, used 10440K [0x00000000a0000000, 0x00000000a2680000, 0x00000000e0000000)
  object space 39424K, 26% used [0x00000000a0000000,0x00000000a0a323e0,0x00000000a2680000)
 Metaspace       used 33983K, capacity 34658K, committed 34816K, reserved 1079296K
  class space    used 4589K, capacity 4786K, committed 4864K, reserved 1048576K
}
Event: 36.614 GC heap before
{Heap before GC invocations=9 (full 1):
 PSYoungGen      total 138752K, used 25280K [0x00000000e0000000, 0x00000000eb100000, 0x0000000100000000)
  eden space 128000K, 11% used [0x00000000e0000000,0x00000000e0e33148,0x00000000e7d00000)
  from space 10752K, 99% used [0x00000000e7d00000,0x00000000e877cf98,0x00000000e8780000)
  to   space 13312K, 0% used [0x00000000ea400000,0x00000000ea400000,0x00000000eb100000)
 ParOldGen       total 39424K, used 10440K [0x00000000a0000000, 0x00000000a2680000, 0x00000000e0000000)
  object space 39424K, 26% used [0x00000000a0000000,0x00000000a0a323e0,0x00000000a2680000)
 Metaspace       used 34657K, capacity 35280K, committed 35416K, reserved 1079296K
  class space    used 4679K, capacity 4887K, committed 4952K, reserved 1048576K
Event: 36.626 GC heap after
Heap after GC invocations=9 (full 1):
 PSYoungGen      total 141312K, used 7947K [0x00000000e0000000, 0x00000000eb100000, 0x0000000100000000)
  eden space 128000K, 0% used [0x00000000e0000000,0x00000000e0000000,0x00000000e7d00000)
  from space 13312K, 59% used [0x00000000ea400000,0x00000000eabc2d48,0x00000000eb100000)
  to   space 10752K, 0% used [0x00000000e7d00000,0x00000000e7d00000,0x00000000e8780000)
 ParOldGen       total 39424K, used 10448K [0x00000000a0000000, 0x00000000a2680000, 0x00000000e0000000)
  object space 39424K, 26% used [0x00000000a0000000,0x00000000a0a343e0,0x00000000a2680000)
 Metaspace       used 34657K, capacity 35280K, committed 35416K, reserved 1079296K
  class space    used 4679K, capacity 4887K, committed 4952K, reserved 1048576K
}
Event: 36.626 GC heap before
{Heap before GC invocations=10 (full 2):
 PSYoungGen      total 141312K, used 7947K [0x00000000e0000000, 0x00000000eb100000, 0x0000000100000000)
  eden space 128000K, 0% used [0x00000000e0000000,0x00000000e0000000,0x00000000e7d00000)
  from space 13312K, 59% used [0x00000000ea400000,0x00000000eabc2d48,0x00000000eb100000)
  to   space 10752K, 0% used [0x00000000e7d00000,0x00000000e7d00000,0x00000000e8780000)
 ParOldGen       total 39424K, used 10448K [0x00000000a0000000, 0x00000000a2680000, 0x00000000e0000000)
  object space 39424K, 26% used [0x00000000a0000000,0x00000000a0a343e0,0x00000000a2680000)
 Metaspace       used 34657K, capacity 35280K, committed 35416K, reserved 1079296K
  class space    used 4679K, capacity 4887K, committed 4952K, reserved 1048576K
Event: 36.709 GC heap after
Heap after GC invocations=10 (full 2):
 PSYoungGen      total 141312K, used 0K [0x00000000e0000000, 0x00000000eb100000, 0x0000000100000000)
  eden space 128000K, 0% used [0x00000000e0000000,0x00000000e0000000,0x00000000e7d00000)
  from space 13312K, 0% used [0x00000000ea400000,0x00000000ea400000,0x00000000eb100000)
  to   space 10752K, 0% used [0x00000000e7d00000,0x00000000e7d00000,0x00000000e8780000)
 ParOldGen       total 39424K, used 14413K [0x00000000a0000000, 0x00000000a2680000, 0x00000000e0000000)
  object space 39424K, 36% used [0x00000000a0000000,0x00000000a0e13700,0x00000000a2680000)
 Metaspace       used 34657K, capacity 35280K, committed 35416K, reserved 1079296K
  class space    used 4679K, capacity 4887K, committed 4952K, reserved 1048576K
}

